
Request: POST /register/establishments at Sun Dec 31 2023 17:03:19 GMT-0300, IP: ::ffff:127.0.0.1, User Agent: Thunder Client (https://www.thunderclient.com)
Response Body:
{
	"success": false,
	"erro": "A Model ModelEstablishments está faltando."
}
Response: 200 3.264 ms 

Request: POST /register/establishments at Sun Dec 31 2023 17:03:30 GMT-0300, IP: ::ffff:127.0.0.1, User Agent: Thunder Client (https://www.thunderclient.com)
Request Body:
{
	"ModelEstablishments": {
		"profile_photo": ""
	}
}
Response Body:
{
	"success": false,
	"erro": "A model ModelEstablishments está faltando os seguintes campos ou valores correspondentes. {profile_photo,company_name}",
	"field": [
		"profile_photo",
		"company_name"
	]
}
Response: 200 0.905 ms 

Request: POST /register/establishments at Sun Dec 31 2023 17:03:40 GMT-0300, IP: ::ffff:127.0.0.1, User Agent: Thunder Client (https://www.thunderclient.com)
Request Body:
{
	"ModelEstablishments": {
		"profile_photo": "c"
	}
}
Response Body:
{
	"success": false,
	"erro": "A model ModelEstablishments está faltando os seguintes campos ou valores correspondentes. {company_name}",
	"field": [
		"company_name"
	]
}
Response: 200 0.625 ms 

Request: POST /register/establishments at Sun Dec 31 2023 17:04:23 GMT-0300, IP: ::ffff:127.0.0.1, User Agent: Thunder Client (https://www.thunderclient.com)
Request Body:
{
	"ModelEstablishments": {
		"profile_photo": "c",
		"company_name": ""
	}
}
Response Body:
{
	"success": false,
	"erro": "A model ModelEstablishments está faltando os seguintes campos ou valores correspondentes. {company_name}",
	"field": [
		"company_name"
	]
}
Response: 200 0.323 ms 

Request: POST /register/establishments at Sun Dec 31 2023 17:04:28 GMT-0300, IP: ::ffff:127.0.0.1, User Agent: Thunder Client (https://www.thunderclient.com)
Request Body:
{
	"ModelEstablishments": {
		"profile_photo": "",
		"company_name": "d"
	}
}
Response Body:
{
	"success": false,
	"erro": "A model ModelEstablishments está faltando os seguintes campos ou valores correspondentes. {profile_photo}",
	"field": [
		"profile_photo"
	]
}
Response: 200 0.433 ms 
