
Request: POST /register/establishments at Sun Dec 31 2023 17:17:01 GMT-0300, IP: ::ffff:127.0.0.1, User Agent: Thunder Client (https://www.thunderclient.com)
Request Body:
{
	"ModelEstablishments": {
		"profile_photo": "d",
		"company_name": "d"
	}
}
Response Body:
{
	"success": false,
	"erro": "A Model ModelEstablishmentsInformations está faltando."
}
Response: 200 3.312 ms 

Request: POST /register/establishments at Sun Dec 31 2023 17:17:12 GMT-0300, IP: ::ffff:127.0.0.1, User Agent: Thunder Client (https://www.thunderclient.com)
Request Body:
{
	"ModelEstablishments": {
		"profile_photo": "d",
		"company_name": "d"
	},
	"ModelEstablishmentsInformations": {}
}
Response Body:
{
	"success": false,
	"erro": "A model ModelEstablishmentsInformations está faltando os seguintes campos ou valores correspondentes. {registration_type,document,road,number,neighborhood,zip_code,city,state}",
	"field": [
		"registration_type",
		"document",
		"road",
		"number",
		"neighborhood",
		"zip_code",
		"city",
		"state"
	]
}
Response: 200 1.311 ms 

Request: POST /register/establishments at Sun Dec 31 2023 17:17:44 GMT-0300, IP: ::ffff:127.0.0.1, User Agent: Thunder Client (https://www.thunderclient.com)
Request Body:
{
	"ModelEstablishments": {
		"profile_photo": "d",
		"company_name": "d"
	},
	"ModelEstablishmentsInformations": {
		"registration_type": "",
		"document": "",
		"road": "",
		"number": "",
		"neighborhood": "",
		"zip_code": "",
		"city": "",
		"state": ""
	}
}
Response Body:
{
	"success": false,
	"erro": "A model ModelEstablishmentsInformations está faltando os seguintes campos ou valores correspondentes. {registration_type,document,road,number,neighborhood,zip_code,city,state}",
	"field": [
		"registration_type",
		"document",
		"road",
		"number",
		"neighborhood",
		"zip_code",
		"city",
		"state"
	]
}
Response: 200 0.486 ms 

Request: POST /register/establishments at Sun Dec 31 2023 17:17:55 GMT-0300, IP: ::ffff:127.0.0.1, User Agent: Thunder Client (https://www.thunderclient.com)
Request Body:
{
	"ModelEstablishments": {
		"profile_photo": "d",
		"company_name": "d"
	},
	"ModelEstablishmentsInformations": {
		"registration_type": "e",
		"document": "e",
		"road": "e",
		"number": "e",
		"neighborhood": "e",
		"zip_code": "e",
		"city": "e",
		"state": "e"
	}
}
Response Body:
{
	"success": false,
	"erro": "A Model ModelEstablishmentsRegistration está faltando."
}
Response: 200 0.486 ms 

Request: POST /register/establishments at Sun Dec 31 2023 17:18:11 GMT-0300, IP: ::ffff:127.0.0.1, User Agent: Thunder Client (https://www.thunderclient.com)
Request Body:
{
	"ModelEstablishments": {
		"profile_photo": "d",
		"company_name": "d"
	},
	"ModelEstablishmentsInformations": {
		"registration_type": "e",
		"document": "e",
		"road": "e",
		"number": "e",
		"neighborhood": "e",
		"zip_code": "e",
		"city": "e",
		"state": "e"
	},
	"ModelEstablishmentsRegistration": {}
}
Response Body:
{
	"success": false,
	"erro": "A model ModelEstablishmentsRegistration está faltando os seguintes campos ou valores correspondentes. {telephone_establishment,email_establishment,password,active}",
	"field": [
		"telephone_establishment",
		"email_establishment",
		"password",
		"active"
	]
}
Response: 200 0.468 ms 

Request: POST /register/establishments at Sun Dec 31 2023 17:18:48 GMT-0300, IP: ::ffff:127.0.0.1, User Agent: Thunder Client (https://www.thunderclient.com)
Request Body:
{
	"ModelEstablishments": {
		"profile_photo": "d",
		"company_name": "d"
	},
	"ModelEstablishmentsInformations": {
		"registration_type": "e",
		"document": "e",
		"road": "e",
		"number": "e",
		"neighborhood": "e",
		"zip_code": "e",
		"city": "e",
		"state": "e"
	},
	"ModelEstablishmentsRegistration": {
		"telephone_establishment": ""
	}
}
Response Body:
{
	"success": false,
	"erro": "A model ModelEstablishmentsRegistration está faltando os seguintes campos ou valores correspondentes. {telephone_establishment,email_establishment,password,active}",
	"field": [
		"telephone_establishment",
		"email_establishment",
		"password",
		"active"
	]
}
Response: 200 0.467 ms 

Request: POST /register/establishments at Sun Dec 31 2023 17:18:58 GMT-0300, IP: ::ffff:127.0.0.1, User Agent: Thunder Client (https://www.thunderclient.com)
Request Body:
{
	"ModelEstablishments": {
		"profile_photo": "d",
		"company_name": "d"
	},
	"ModelEstablishmentsInformations": {
		"registration_type": "e",
		"document": "e",
		"road": "e",
		"number": "e",
		"neighborhood": "e",
		"zip_code": "e",
		"city": "e",
		"state": "e"
	},
	"ModelEstablishmentsRegistration": {
		"telephone_establishment": ""
	}
}
Response Body:
{
	"success": false,
	"erro": "A model ModelEstablishmentsRegistration está faltando os seguintes campos ou valores correspondentes. {telephone_establishment,email_establishment,password,active}",
	"field": [
		"telephone_establishment",
		"email_establishment",
		"password",
		"active"
	]
}
Response: 200 0.374 ms 

Request: POST /register/establishments at Sun Dec 31 2023 17:19:04 GMT-0300, IP: ::ffff:127.0.0.1, User Agent: Thunder Client (https://www.thunderclient.com)
Request Body:
{
	"ModelEstablishments": {
		"profile_photo": "d",
		"company_name": "d"
	},
	"ModelEstablishmentsInformations": {
		"registration_type": "e",
		"document": "e",
		"road": "e",
		"number": "e",
		"neighborhood": "e",
		"zip_code": "e",
		"city": "e",
		"state": "e"
	},
	"ModelEstablishmentsRegistration": {
		"telephone_establishment": ""
	}
}
Response Body:
{
	"success": false,
	"erro": "A model ModelEstablishmentsRegistration está faltando os seguintes campos ou valores correspondentes. {telephone_establishment,email_establishment,password,active}",
	"field": [
		"telephone_establishment",
		"email_establishment",
		"password",
		"active"
	]
}
Response: 200 0.360 ms 

Request: POST /register/establishments at Sun Dec 31 2023 17:19:05 GMT-0300, IP: ::ffff:127.0.0.1, User Agent: Thunder Client (https://www.thunderclient.com)
Request Body:
{
	"ModelEstablishments": {
		"profile_photo": "d",
		"company_name": "d"
	},
	"ModelEstablishmentsInformations": {
		"registration_type": "e",
		"document": "e",
		"road": "e",
		"number": "e",
		"neighborhood": "e",
		"zip_code": "e",
		"city": "e",
		"state": "e"
	},
	"ModelEstablishmentsRegistration": {
		"telephone_establishment": ""
	}
}
Response Body:
{
	"success": false,
	"erro": "A model ModelEstablishmentsRegistration está faltando os seguintes campos ou valores correspondentes. {telephone_establishment,email_establishment,password,active}",
	"field": [
		"telephone_establishment",
		"email_establishment",
		"password",
		"active"
	]
}
Response: 200 0.452 ms 

Request: POST /register/establishments at Sun Dec 31 2023 17:19:17 GMT-0300, IP: ::ffff:127.0.0.1, User Agent: Thunder Client (https://www.thunderclient.com)
Request Body:
{
	"ModelEstablishments": {
		"profile_photo": "d",
		"company_name": "d"
	},
	"ModelEstablishmentsInformations": {
		"registration_type": "e",
		"document": "e",
		"road": "e",
		"number": "e",
		"neighborhood": "e",
		"zip_code": "e",
		"city": "e",
		"state": "e"
	}
}
Response Body:
{
	"success": false,
	"erro": "A Model ModelEstablishmentsRegistration está faltando."
}
Response: 200 0.383 ms 

Request: POST /register/establishments at Sun Dec 31 2023 17:19:32 GMT-0300, IP: ::ffff:127.0.0.1, User Agent: Thunder Client (https://www.thunderclient.com)
Request Body:
{
	"ModelEstablishments": {
		"profile_photo": "d",
		"company_name": "d"
	},
	"ModelEstablishmentsInformations": {
		"registration_type": "e",
		"document": "e",
		"road": "e",
		"number": "e",
		"neighborhood": "e",
		"zip_code": "e",
		"city": "e",
		"state": "e"
	},
	"ModelEstablishmentsRegistration": {
		"telephone_establishment": ""
	}
}
Response Body:
{
	"success": false,
	"erro": "A model ModelEstablishmentsRegistration está faltando os seguintes campos ou valores correspondentes. {telephone_establishment,email_establishment,password,active}",
	"field": [
		"telephone_establishment",
		"email_establishment",
		"password",
		"active"
	]
}
Response: 200 0.327 ms 

Request: POST /register/establishments at Sun Dec 31 2023 17:19:41 GMT-0300, IP: ::ffff:127.0.0.1, User Agent: Thunder Client (https://www.thunderclient.com)
Request Body:
{
	"ModelEstablishments": {
		"profile_photo": "d",
		"company_name": "d"
	},
	"ModelEstablishmentsInformations": {
		"registration_type": "e",
		"document": "e",
		"road": "e",
		"number": "e",
		"neighborhood": "e",
		"zip_code": "e",
		"city": "e",
		"state": "e"
	},
	"ModelEstablishmentsRegistration": {
		"telephone_establishment": "",
		"email_establishment": ""
	}
}
Response Body:
{
	"success": false,
	"erro": "A model ModelEstablishmentsRegistration está faltando os seguintes campos ou valores correspondentes. {telephone_establishment,email_establishment,password,active}",
	"field": [
		"telephone_establishment",
		"email_establishment",
		"password",
		"active"
	]
}
Response: 200 0.332 ms 

Request: POST /register/establishments at Sun Dec 31 2023 17:19:42 GMT-0300, IP: ::ffff:127.0.0.1, User Agent: Thunder Client (https://www.thunderclient.com)
Request Body:
{
	"ModelEstablishments": {
		"profile_photo": "d",
		"company_name": "d"
	},
	"ModelEstablishmentsInformations": {
		"registration_type": "e",
		"document": "e",
		"road": "e",
		"number": "e",
		"neighborhood": "e",
		"zip_code": "e",
		"city": "e",
		"state": "e"
	},
	"ModelEstablishmentsRegistration": {
		"telephone_establishment": "",
		"email_establishment": ""
	}
}
Response Body:
{
	"success": false,
	"erro": "A model ModelEstablishmentsRegistration está faltando os seguintes campos ou valores correspondentes. {telephone_establishment,email_establishment,password,active}",
	"field": [
		"telephone_establishment",
		"email_establishment",
		"password",
		"active"
	]
}
Response: 200 0.378 ms 

Request: POST /register/establishments at Sun Dec 31 2023 17:19:42 GMT-0300, IP: ::ffff:127.0.0.1, User Agent: Thunder Client (https://www.thunderclient.com)
Request Body:
{
	"ModelEstablishments": {
		"profile_photo": "d",
		"company_name": "d"
	},
	"ModelEstablishmentsInformations": {
		"registration_type": "e",
		"document": "e",
		"road": "e",
		"number": "e",
		"neighborhood": "e",
		"zip_code": "e",
		"city": "e",
		"state": "e"
	},
	"ModelEstablishmentsRegistration": {
		"telephone_establishment": "",
		"email_establishment": ""
	}
}
Response Body:
{
	"success": false,
	"erro": "A model ModelEstablishmentsRegistration está faltando os seguintes campos ou valores correspondentes. {telephone_establishment,email_establishment,password,active}",
	"field": [
		"telephone_establishment",
		"email_establishment",
		"password",
		"active"
	]
}
Response: 200 0.270 ms 

Request: POST /register/establishments at Sun Dec 31 2023 17:19:59 GMT-0300, IP: ::ffff:127.0.0.1, User Agent: Thunder Client (https://www.thunderclient.com)
Request Body:
{
	"ModelEstablishments": {
		"profile_photo": "d",
		"company_name": "d"
	},
	"ModelEstablishmentsInformations": {
		"registration_type": "e",
		"document": "e",
		"road": "e",
		"number": "e",
		"neighborhood": "e",
		"zip_code": "e",
		"city": "e",
		"state": "e"
	},
	"ModelEstablishmentsRegistration": {
		"telephone_establishment": "",
		"email_establishment": "",
		"password": "",
		"active": ""
	}
}
Response Body:
{
	"success": false,
	"erro": "A model ModelEstablishmentsRegistration está faltando os seguintes campos ou valores correspondentes. {telephone_establishment,email_establishment,password,active}",
	"field": [
		"telephone_establishment",
		"email_establishment",
		"password",
		"active"
	]
}
Response: 200 0.295 ms 

Request: POST /register/establishments at Sun Dec 31 2023 17:20:06 GMT-0300, IP: ::ffff:127.0.0.1, User Agent: Thunder Client (https://www.thunderclient.com)
Request Body:
{
	"ModelEstablishments": {
		"profile_photo": "d",
		"company_name": "d"
	},
	"ModelEstablishmentsInformations": {
		"registration_type": "e",
		"document": "e",
		"road": "e",
		"number": "e",
		"neighborhood": "e",
		"zip_code": "e",
		"city": "e",
		"state": "e"
	},
	"ModelEstablishmentsRegistration": {
		"telephone_establishment": "",
		"email_establishment": "",
		"password": "",
		"active": ""
	}
}
Response Body:
{
	"success": false,
	"erro": "A model ModelEstablishmentsRegistration está faltando os seguintes campos ou valores correspondentes. {telephone_establishment,email_establishment,password,active}",
	"field": [
		"telephone_establishment",
		"email_establishment",
		"password",
		"active"
	]
}
Response: 200 0.297 ms 

Request: POST /register/establishments at Sun Dec 31 2023 17:20:10 GMT-0300, IP: ::ffff:127.0.0.1, User Agent: Thunder Client (https://www.thunderclient.com)
Request Body:
{
	"ModelEstablishments": {
		"profile_photo": "d",
		"company_name": "d"
	},
	"ModelEstablishmentsInformations": {
		"registration_type": "e",
		"document": "e",
		"road": "e",
		"number": "e",
		"neighborhood": "e",
		"zip_code": "e",
		"city": "e",
		"state": "e"
	},
	"ModelEstablishmentsRegistration": {
		"telephone_establishment": "w",
		"email_establishment": "",
		"password": "",
		"active": ""
	}
}
Response Body:
{
	"success": false,
	"erro": "A model ModelEstablishmentsRegistration está faltando os seguintes campos ou valores correspondentes. {email_establishment,password,active}",
	"field": [
		"email_establishment",
		"password",
		"active"
	]
}
Response: 200 0.280 ms 

Request: POST /register/establishments at Sun Dec 31 2023 17:20:14 GMT-0300, IP: ::ffff:127.0.0.1, User Agent: Thunder Client (https://www.thunderclient.com)
Request Body:
{
	"ModelEstablishments": {
		"profile_photo": "d",
		"company_name": "d"
	},
	"ModelEstablishmentsInformations": {
		"registration_type": "e",
		"document": "e",
		"road": "e",
		"number": "e",
		"neighborhood": "e",
		"zip_code": "e",
		"city": "e",
		"state": "e"
	},
	"ModelEstablishmentsRegistration": {
		"telephone_establishment": "w",
		"email_establishment": "w",
		"password": "w",
		"active": "w"
	}
}
Response Body:
{
	"success": false,
	"erro": "A Model ModelEstablishmentsResponsible está faltando."
}
Response: 200 0.403 ms 

Request: POST /register/establishments at Sun Dec 31 2023 17:20:29 GMT-0300, IP: ::ffff:127.0.0.1, User Agent: Thunder Client (https://www.thunderclient.com)
Request Body:
{
	"ModelEstablishments": {
		"profile_photo": "d",
		"company_name": "d"
	},
	"ModelEstablishmentsInformations": {
		"registration_type": "e",
		"document": "e",
		"road": "e",
		"number": "e",
		"neighborhood": "e",
		"zip_code": "e",
		"city": "e",
		"state": "e"
	},
	"ModelEstablishmentsRegistration": {
		"telephone_establishment": "w",
		"email_establishment": "w",
		"password": "w",
		"active": "w"
	},
	"ModelEstablishmentsResponsible": {}
}
Response Body:
{
	"success": false,
	"erro": "A model ModelEstablishmentsResponsible está faltando os seguintes campos ou valores correspondentes. {responsible_name,responsible_phone,responsible_email,document}",
	"field": [
		"responsible_name",
		"responsible_phone",
		"responsible_email",
		"document"
	]
}
Response: 200 0.319 ms 

Request: POST /register/establishments at Sun Dec 31 2023 17:21:03 GMT-0300, IP: ::ffff:127.0.0.1, User Agent: Thunder Client (https://www.thunderclient.com)
Request Body:
{
	"ModelEstablishments": {
		"profile_photo": "d",
		"company_name": "d"
	},
	"ModelEstablishmentsInformations": {
		"registration_type": "e",
		"document": "e",
		"road": "e",
		"number": "e",
		"neighborhood": "e",
		"zip_code": "e",
		"city": "e",
		"state": "e"
	},
	"ModelEstablishmentsRegistration": {
		"telephone_establishment": "w",
		"email_establishment": "w",
		"password": "w",
		"active": "w"
	},
	"ModelEstablishmentsResponsible": {
		"responsible_name": "f",
		"responsible_phone": "f",
		"responsible_email": "f",
		"document": "f"
	}
}
Response Body:
{
	"success": false,
	"erro": "{\"name\":\"SequelizeDatabaseError\",\"parent\":{\"code\":\"ER_TRUNCATED_WRONG_VALUE_FOR_FIELD\",\"errno\":1366,\"sqlState\":\"HY000\",\"sqlMessage\":\"Incorrect decimal value: 'f' for column 'responsible_name' at row 1\",\"sql\":\"INSERT INTO `establishments_responsibles` (`id`,`responsible_name`,`responsible_phone`,`responsible_email`,`document`,`createdAt`,`updatedAt`) VALUES (?,?,?,?,?,?,?);\",\"parameters\":[\"610e5ac8-aa67-4cc7-8075-711f2a1984d5\",\"f\",\"f\",\"f\",\"f\",\"2023-12-31 20:21:03\",\"2023-12-31 20:21:03\"]},\"original\":{\"code\":\"ER_TRUNCATED_WRONG_VALUE_FOR_FIELD\",\"errno\":1366,\"sqlState\":\"HY000\",\"sqlMessage\":\"Incorrect decimal value: 'f' for column 'responsible_name' at row 1\",\"sql\":\"INSERT INTO `establishments_responsibles` (`id`,`responsible_name`,`responsible_phone`,`responsible_email`,`document`,`createdAt`,`updatedAt`) VALUES (?,?,?,?,?,?,?);\",\"parameters\":[\"610e5ac8-aa67-4cc7-8075-711f2a1984d5\",\"f\",\"f\",\"
...
Response: 200 31.743 ms 
