
Request: POST /auth at Sat Jan 06 2024 15:35:46 GMT-0300, IP: ::ffff:127.0.0.1, User Agent: Thunder Client (https://www.thunderclient.com)
Request Body:
{
	"email": "teste@teste.com",
	"password": "admin"
}
Response Body:
{
	"success": false,
	"erro": "Esse email não esta cadastrado"
}
Response: 200 22.793 ms 

Request: POST /auth at Sat Jan 06 2024 15:35:51 GMT-0300, IP: ::ffff:127.0.0.1, User Agent: Thunder Client (https://www.thunderclient.com)
Request Body:
{
	"email": "teste@teste.com",
	"password": "admin"
}
Response Body:
{
	"success": false,
	"erro": "Esse email não esta cadastrado"
}
Response: 200 2.118 ms 

Request: POST /auth at Sat Jan 06 2024 15:36:02 GMT-0300, IP: ::ffff:127.0.0.1, User Agent: Thunder Client (https://www.thunderclient.com)
Request Body:
{
	"email": "teste@teste.com",
	"password": "admin"
}
Response Body:
{
	"success": false,
	"erro": "Esse email não esta cadastrado"
}
Response: 200 5.625 ms 
