
Request: POST /register/establishments at Sat Jan 06 2024 15:32:58 GMT-0300, IP: ::ffff:127.0.0.1, User Agent: Thunder Client (https://www.thunderclient.com)
Request Body:
{
	"ModelEstablishments": {
		"profile_photo": "teste",
		"company_name": "Fanta"
	},
	"ModelEstablishmentsInformations": {
		"registration_type": "fisica",
		"document": 123456789,
		"road": "Rua teste",
		"number": 123,
		"neighborhood": "bairro teste",
		"zip_code": 37950000,
		"city": "Sao Sebastiao do Paraiso",
		"state": "MG"
	},
	"ModelEstablishmentsRegistration": {
		"telephone_establishment": 35900000000,
		"email_establishment": "teste@teste.com",
		"password": "admin",
		"active": true
	},
	"ModelEstablishmentsResponsible": {
		"responsible_name": "Carlos",
		"responsible_phone": 35999999999,
		"responsible_email": "carlos@carlos.com",
		"document": 3333333333333
	}
}
Response Body:
{
	"success": false,
	"erro": "{\"name\":\"SequelizeDatabaseError\",\"parent\":{\"code\":\"ER_WARN_DATA_OUT_OF_RANGE\",\"errno\":1264,\"sqlState\":\"22003\",\"sqlMessage\":\"Out of range value for column 'responsible_phone' at row 1\",\"sql\":\"INSERT INTO `establishments_responsibles` (`id`,`responsible_name`,`responsible_phone`,`responsible_email`,`document`,`createdAt`,`updatedAt`) VALUES (?,?,?,?,?,?,?);\",\"parameters\":[\"b0f9ba36-9aea-4373-bfe9-fa35b02c6f2e\",\"Carlos\",35999999999,\"carlos@carlos.com\",3333333333333,\"2024-01-06 18:32:58\",\"2024-01-06 18:32:58\"]},\"original\":{\"code\":\"ER_WARN_DATA_OUT_OF_RANGE\",\"errno\":1264,\"sqlState\":\"22003\",\"sqlMessage\":\"Out of range value for column 'responsible_phone' at row 1\",\"sql\":\"INSERT INTO `establishments_responsibles` (`id`,`responsible_name`,`responsible_phone`,`responsible_email`,`document`,`createdAt`,`updatedAt`) VALUES (?,?,?,?,?,?,?);\",\"parameters\":[\"b0f9ba36-9aea-4373-bfe9-fa35b02c6f2e\",\"Carlos\",3599
...
Response: 200 22.379 ms 

Request: POST /register/establishments at Sat Jan 06 2024 15:33:36 GMT-0300, IP: ::ffff:127.0.0.1, User Agent: Thunder Client (https://www.thunderclient.com)
Request Body:
{
	"ModelEstablishments": {
		"profile_photo": "teste",
		"company_name": "Fanta"
	},
	"ModelEstablishmentsInformations": {
		"registration_type": "fisica",
		"document": 123456789,
		"road": "Rua teste",
		"number": 123,
		"neighborhood": "bairro teste",
		"zip_code": 37950000,
		"city": "Sao Sebastiao do Paraiso",
		"state": "MG"
	},
	"ModelEstablishmentsRegistration": {
		"telephone_establishment": 333,
		"email_establishment": "teste@teste.com",
		"password": "admin",
		"active": true
	},
	"ModelEstablishmentsResponsible": {
		"responsible_name": "Carlos",
		"responsible_phone": 33,
		"responsible_email": "carlos@carlos.com",
		"document": 333
	}
}
Response Body:
{
	"success": true,
	"data": {
		"id": "d0c948e1-1a8d-48c1-ad83-55cee797a8c5",
		"profile_photo": "teste",
		"company_name": "Fanta",
		"updatedAt": "2024-01-06T18:33:36.592Z",
		"createdAt": "2024-01-06T18:33:36.592Z"
	}
}
Response: 200 46.073 ms 
